<?xml version="1.0" encoding="UTF-8"?>
<!-- Generated by org.testng.reporters.JUnitReportReporter -->
<testsuite hostname="DESKTOP-K07G969" failures="0" tests="3" name="Practice_Project.SeleniumFrameworkDesign.StandaloneTest" time="28.696" errors="0" timestamp="2023-04-04T12:16:09 IST" skipped="0">
  <testcase classname="Practice_Project.SeleniumFrameworkDesign.StandaloneTest" name="orderdisplay" time="5.018"/>
  <system-out/>
  <testcase classname="Practice_Project.SeleniumFrameworkDesign.StandaloneTest" name="submit_order" time="19.221"/>
  <system-out/>
  <testcase classname="Practice_Project.SeleniumFrameworkDesign.StandaloneTest" name="submit_order" time="4.457"/>
  <system-out/>
</testsuite> <!-- Practice_Project.SeleniumFrameworkDesign.StandaloneTest -->
