<?xml version="1.0" encoding="UTF-8"?>
<!-- Generated by org.testng.reporters.JUnitReportReporter -->
<testsuite hostname="DESKTOP-K07G969" failures="0" tests="1" name="ExtentRports.ExtentReportsDEmo" time="5.431" errors="0" timestamp="2023-03-28T14:07:53 IST" skipped="0">
  <testcase classname="ExtentRports.ExtentReportsDEmo" name="initialDemo" time="5.431"/>
  <system-out/>
</testsuite> <!-- ExtentRports.ExtentReportsDEmo -->
