<?xml version="1.0" encoding="UTF-8"?>
<!-- Generated by org.testng.reporters.JUnitReportReporter -->
<testsuite hostname="DESKTOP-K07G969" failures="0" tests="1" name="Practice_Project.SeleniumFrameworkDesign.ErrorValidations" time="4.560" errors="0" timestamp="2023-03-29T16:01:52 IST" skipped="0">
  <testcase classname="Practice_Project.SeleniumFrameworkDesign.ErrorValidations" name="Error_log" time="4.560"/>
  <system-out/>
</testsuite> <!-- Practice_Project.SeleniumFrameworkDesign.ErrorValidations -->
