<?xml version="1.0" encoding="UTF-8"?>
<!-- Generated by org.testng.reporters.JUnitReportReporter -->
<testsuite hostname="DESKTOP-K07G969" failures="0" tests="4" name="Selenium.Swaglogin" time="7.266" errors="0" timestamp="2022-11-21T12:52:16 IST" skipped="0">
  <testcase classname="Selenium.Swaglogin" name="continueshop" time="2.148"/>
  <system-out/>
  <testcase classname="Selenium.Swaglogin" name="Addtocart" time="2.207"/>
  <system-out/>
  <testcase classname="Selenium.Swaglogin" name="logout" time="0.650"/>
  <system-out/>
  <testcase classname="Selenium.Swaglogin" name="checkout" time="2.261"/>
  <system-out/>
</testsuite> <!-- Selenium.Swaglogin -->
